<?xml version="1.0" encoding="UTF-8"?>
<!-- Generated by org.testng.reporters.JUnitReportReporter -->
<testsuite hostname="DESKTOP-JE2TPP7" failures="0" tests="2" name="Runners.LoginRunner" time="0.081" errors="0" timestamp="2023-07-18T21:21:34 IST" skipped="0">
  <testcase classname="Runners.LoginRunner" name="runScenario" time="0.078"/>
  <system-out/>
  <testcase classname="Runners.LoginRunner" name="runScenario" time="0.003"/>
  <system-out/>
</testsuite> <!-- Runners.LoginRunner -->
